<?xml version="1.0" encoding="UTF-8"?>
<testsuite xmlns:xsi="http://www.w3.org/2001/XMLSchema-instance" xsi:noNamespaceSchemaLocation="https://maven.apache.org/surefire/maven-surefire-plugin/xsd/surefire-test-report.xsd" version="3.0.2" name="com.philosophy.FullBattleRoundFlowTest" time="18.373" tests="1" errors="0" skipped="0" failures="1">
  <properties>
[...]
</properties>
  <testcase name="fullBattleRoundFlowTest" classname="com.philosophy.FullBattleRoundFlowTest" time="13.701">
    <failure message="expected: &lt;true&gt; but was: &lt;false&gt;" type="org.opentest4j.AssertionFailedError"><![CDATA[org.opentest4j.AssertionFailedError: expected: <true> but was: <false>
	at org.junit.jupiter.api.AssertionFailureBuilder.build(AssertionFailureBuilder.java:151)
	at org.junit.jupiter.api.AssertionFailureBuilder.buildAndThrow(AssertionFailureBuilder.java:132)
	at org.junit.jupiter.api.AssertTrue.failNotTrue(AssertTrue.java:63)
	at org.junit.jupiter.api.AssertTrue.assertTrue(AssertTrue.java:36)
	at org.junit.jupiter.api.AssertTrue.assertTrue(AssertTrue.java:31)
	at org.junit.jupiter.api.Assertions.assertTrue(Assertions.java:183)
	at com.philosophy.FullBattleRoundFlowTest.fullBattleRoundFlowTest(FullBattleRoundFlowTest.java:258)
	at java.base/java.lang.reflect.Method.invoke(Method.java:565)
	at java.base/java.util.ArrayList.forEach(ArrayList.java:1604)
	at java.base/java.util.ArrayList.forEach(ArrayList.java:1604)
]]></failure>
    <system-out><![CDATA[10:49:56.796 [main] INFO org.springframework.test.context.support.AnnotationConfigContextLoaderUtils -- Could not detect default configuration classes for test class [com.philosophy.FullBattleRoundFlowTest]: FullBattleRoundFlowTest does not declare any static, non-private, non-final, nested classes annotated with @Configuration.
10:49:57.017 [main] INFO org.springframework.boot.test.context.SpringBootTestContextBootstrapper -- Found @SpringBootConfiguration com.philosophy.PhilosophyApplication for test class com.philosophy.FullBattleRoundFlowTest

  .   ____          _            __ _ _
 /\\ / ___'_ __ _ _(_)_ __  __ _ \ \ \ \
( ( )\___ | '_ | '_| | '_ \/ _` | \ \ \ \
 \\/  ___)| |_)| | | | | || (_| |  ) ) ) )
  '  |____| .__|_| |_|_| |_\__, | / / / /
 =========|_|==============|___/=/_/_/_/

 :: Spring Boot ::                (v3.5.0)

2026-07-18T10:49:58.415Z  INFO 148240 --- [           main] com.philosophy.FullBattleRoundFlowTest   : Starting FullBattleRoundFlowTest using Java 25.0.2 with PID 148240 (started by codespace in /workspaces/Philosophy-Battle)
2026-07-18T10:49:58.417Z  INFO 148240 --- [           main] com.philosophy.FullBattleRoundFlowTest   : No active profile set, falling back to 1 default profile: "default"
2026-07-18T10:49:59.861Z  INFO 148240 --- [           main] o.s.b.w.embedded.tomcat.TomcatWebServer  : Tomcat initialized with port 0 (http)
2026-07-18T10:49:59.884Z  INFO 148240 --- [           main] o.apache.catalina.core.StandardService   : Starting service [Tomcat]
2026-07-18T10:49:59.886Z  INFO 148240 --- [           main] o.apache.catalina.core.StandardEngine    : Starting Servlet engine: [Apache Tomcat/10.1.41]
2026-07-18T10:49:59.938Z  INFO 148240 --- [           main] o.a.c.c.C.[Tomcat].[localhost].[/]       : Initializing Spring embedded WebApplicationContext
2026-07-18T10:49:59.940Z  INFO 148240 --- [           main] w.s.c.ServletWebServerApplicationContext : Root WebApplicationContext: initialization completed in 1501 ms
2026-07-18T10:50:00.941Z  INFO 148240 --- [           main] o.s.m.s.b.SimpleBrokerMessageHandler     : Starting...
2026-07-18T10:50:00.943Z  INFO 148240 --- [           main] o.s.m.s.b.SimpleBrokerMessageHandler     : BrokerAvailabilityEvent[available=true, SimpleBrokerMessageHandler [org.springframework.messaging.simp.broker.DefaultSubscriptionRegistry@7ddeb27f]]
2026-07-18T10:50:00.944Z  INFO 148240 --- [           main] o.s.m.s.b.SimpleBrokerMessageHandler     : Started.
2026-07-18T10:50:00.968Z  INFO 148240 --- [           main] o.s.b.w.embedded.tomcat.TomcatWebServer  : Tomcat started on port 46847 (http) with context path '/'
2026-07-18T10:50:00.981Z  INFO 148240 --- [           main] com.philosophy.FullBattleRoundFlowTest   : Started FullBattleRoundFlowTest in 3.128 seconds (process running for 5.942)
2026-07-18T10:50:02.272Z  INFO 148240 --- [o-auto-1-exec-1] o.a.c.c.C.[Tomcat].[localhost].[/]       : Initializing Spring DispatcherServlet 'dispatcherServlet'
2026-07-18T10:50:02.272Z  INFO 148240 --- [o-auto-1-exec-1] o.s.web.servlet.DispatcherServlet        : Initializing Servlet 'dispatcherServlet'
2026-07-18T10:50:02.273Z  INFO 148240 --- [o-auto-1-exec-1] o.s.web.servlet.DispatcherServlet        : Completed initialization in 1 ms
CREATE ROUND MANAGER:1668684777
WS SEND JSON={"eventType":"PLAYER_JOIN","roomId":"265dc9c0","timestamp":1784371802474,"data":{"name":"A","playerId":1}}
WS SEND JSON={"eventType":"PLAYER_JOIN","roomId":"265dc9c0","timestamp":1784371802506,"data":{"name":"B","playerId":2}}
WS SEND JSON={"eventType":"GAME_START","roomId":"265dc9c0","timestamp":1784371803639,"data":{"round":1}}
START ROUND:1668684777
ROUND STARTED=true
WS SEND JSON={"roomId":"265dc9c0","status":"RUNNING","round":1,"state":{"roomId":"265dc9c0","status":"RUNNING","round":1,"playerCount":2,"players":[{"id":1,"name":"A","philosophyPoints":0,"alive":true,"hasAction":false},{"id":2,"name":"B","philosophyPoints":0,"alive":true,"hasAction":false}]}}
WS SEND JSON={"eventType":"GAME_START","roomId":"265dc9c0","timestamp":1784371803650,"data":{"round":1}}
SUBMIT ROUND:1668684777 STARTED=true
CHECK PLAYER:1 ACTION=null
WS SEND JSON={"eventType":"ACTION_SUBMIT","roomId":"265dc9c0","timestamp":1784371804671,"data":{"action":"PHILOSOPHY","playerId":2}}
CHECK PLAYER:1 ACTION=null
SUBMIT ROUND:1668684777 STARTED=true
WS SEND JSON={"eventType":"ACTION_SUBMIT","roomId":"265dc9c0","timestamp":1784371804671,"data":{"action":"PHILOSOPHY","playerId":2}}
CHECK PLAYER:1 ACTION=com.philosophy.model.Action@23f45ba
CHECK PLAYER:2 ACTION=com.philosophy.model.Action@473bd91
========== FINISH ROUND ==========
ROUND RESULT=com.philosophy.engine.RoundResult@7cd7c153
WS SEND JSON={"eventType":"ROUND_RESULT","roomId":"265dc9c0","timestamp":1784371804675,"data":{"round":1,"message":"ROUND_FINISHED"}}
WS SEND JSON={"roomId":"265dc9c0","status":"RUNNING","round":2,"state":{"roomId":"265dc9c0","status":"RUNNING","round":2,"playerCount":2,"players":[{"id":1,"name":"A","philosophyPoints":1,"alive":true,"hasAction":false},{"id":2,"name":"B","philosophyPoints":1,"alive":true,"hasAction":false}]}}
CHECK PLAYER:1 ACTION=null
WS SEND JSON={"eventType":"ACTION_SUBMIT","roomId":"265dc9c0","timestamp":1784371804676,"data":{"action":"PHILOSOPHY","playerId":1}}
]]></system-out>
    <system-err><![CDATA[Mockito is currently self-attaching to enable the inline-mock-maker. This will no longer work in future releases of the JDK. Please add Mockito as an agent to your build as described in Mockito's documentation: https://javadoc.io/doc/org.mockito/mockito-core/latest/org.mockito/org/mockito/Mockito.html#0.3
WARNING: A Java agent has been loaded dynamically (/home/codespace/.m2/repository/net/bytebuddy/byte-buddy-agent/1.17.5/byte-buddy-agent-1.17.5.jar)
WARNING: If a serviceability tool is in use, please run with -XX:+EnableDynamicAgentLoading to hide this warning
WARNING: If a serviceability tool is not in use, please run with -Djdk.instrument.traceUsage for more information
WARNING: Dynamic loading of agents will be disallowed by default in a future release
]]></system-err>
  </testcase>
</testsuite>