<?xml version="1.0" encoding="UTF-8"?>
<testsuite xmlns:xsi="http://www.w3.org/2001/XMLSchema-instance" xsi:noNamespaceSchemaLocation="https://maven.apache.org/surefire/maven-surefire-plugin/xsd/surefire-test-report.xsd" version="3.0.2" name="com.philosophy.FullBattleRoundFlowTest" time="8.385" tests="1" errors="0" skipped="0" failures="0">
  <properties>
[...]
</properties>
  <testcase name="fullBattleRoundFlowTest" classname="com.philosophy.FullBattleRoundFlowTest" time="3.464">
    <system-out><![CDATA[10:13:59.596 [main] INFO org.springframework.test.context.support.AnnotationConfigContextLoaderUtils -- Could not detect default configuration classes for test class [com.philosophy.FullBattleRoundFlowTest]: FullBattleRoundFlowTest does not declare any static, non-private, non-final, nested classes annotated with @Configuration.
10:13:59.784 [main] INFO org.springframework.boot.test.context.SpringBootTestContextBootstrapper -- Found @SpringBootConfiguration com.philosophy.PhilosophyApplication for test class com.philosophy.FullBattleRoundFlowTest

  .   ____          _            __ _ _
 /\\ / ___'_ __ _ _(_)_ __  __ _ \ \ \ \
( ( )\___ | '_ | '_| | '_ \/ _` | \ \ \ \
 \\/  ___)| |_)| | | | | || (_| |  ) ) ) )
  '  |____| .__|_| |_|_| |_\__, | / / / /
 =========|_|==============|___/=/_/_/_/

 :: Spring Boot ::                (v3.5.0)

2026-07-18T10:14:01.711Z  INFO 121743 --- [           main] com.philosophy.FullBattleRoundFlowTest   : Starting FullBattleRoundFlowTest using Java 25.0.2 with PID 121743 (started by codespace in /workspaces/Philosophy-Battle)
2026-07-18T10:14:01.713Z  INFO 121743 --- [           main] com.philosophy.FullBattleRoundFlowTest   : No active profile set, falling back to 1 default profile: "default"
2026-07-18T10:14:03.248Z  INFO 121743 --- [           main] o.s.b.w.embedded.tomcat.TomcatWebServer  : Tomcat initialized with port 0 (http)
2026-07-18T10:14:03.266Z  INFO 121743 --- [           main] o.apache.catalina.core.StandardService   : Starting service [Tomcat]
2026-07-18T10:14:03.266Z  INFO 121743 --- [           main] o.apache.catalina.core.StandardEngine    : Starting Servlet engine: [Apache Tomcat/10.1.41]
2026-07-18T10:14:03.314Z  INFO 121743 --- [           main] o.a.c.c.C.[Tomcat].[localhost].[/]       : Initializing Spring embedded WebApplicationContext
2026-07-18T10:14:03.315Z  INFO 121743 --- [           main] w.s.c.ServletWebServerApplicationContext : Root WebApplicationContext: initialization completed in 1578 ms
2026-07-18T10:14:04.246Z  INFO 121743 --- [           main] o.s.m.s.b.SimpleBrokerMessageHandler     : Starting...
2026-07-18T10:14:04.248Z  INFO 121743 --- [           main] o.s.m.s.b.SimpleBrokerMessageHandler     : BrokerAvailabilityEvent[available=true, SimpleBrokerMessageHandler [org.springframework.messaging.simp.broker.DefaultSubscriptionRegistry@7caf1e5]]
2026-07-18T10:14:04.249Z  INFO 121743 --- [           main] o.s.m.s.b.SimpleBrokerMessageHandler     : Started.
2026-07-18T10:14:04.276Z  INFO 121743 --- [           main] o.s.b.w.embedded.tomcat.TomcatWebServer  : Tomcat started on port 33051 (http) with context path '/'
2026-07-18T10:14:04.287Z  INFO 121743 --- [           main] com.philosophy.FullBattleRoundFlowTest   : Started FullBattleRoundFlowTest in 3.881 seconds (process running for 6.073)
2026-07-18T10:14:05.248Z  INFO 121743 --- [o-auto-1-exec-1] o.a.c.c.C.[Tomcat].[localhost].[/]       : Initializing Spring DispatcherServlet 'dispatcherServlet'
2026-07-18T10:14:05.248Z  INFO 121743 --- [o-auto-1-exec-1] o.s.web.servlet.DispatcherServlet        : Initializing Servlet 'dispatcherServlet'
2026-07-18T10:14:05.250Z  INFO 121743 --- [o-auto-1-exec-1] o.s.web.servlet.DispatcherServlet        : Completed initialization in 2 ms
CREATE ROUND MANAGER:1203638823
WS SEND JSON={"eventType":"PLAYER_JOIN","roomId":"849043fe","timestamp":1784369645457,"data":{"playerId":1,"name":"A"}}
WS SEND JSON={"eventType":"PLAYER_JOIN","roomId":"849043fe","timestamp":1784369645486,"data":{"playerId":2,"name":"B"}}
START ROUND:1203638823
ROUND STARTED=true
WS SEND JSON={"roomId":"849043fe","status":"RUNNING","round":1,"state":{"roomId":"849043fe","status":"RUNNING","round":1,"players":[{"id":1,"name":"A","philosophyPoints":0,"alive":true,"hasAction":false},{"id":2,"name":"B","philosophyPoints":0,"alive":true,"hasAction":false}],"playerCount":2}}
WS SEND JSON={"eventType":"GAME_START","roomId":"849043fe","timestamp":1784369646682,"data":{"round":1}}
=================
=================
WS JSON:{roomId=849043fe, status=RUNNING, round=1, state={roomId=849043fe, status=RUNNING, round=1, players=[{id=1, name=A, philosophyPoints=0, alive=true, hasAction=false}, {id=2, name=B, philosophyPoints=0, alive=true, hasAction=false}], playerCount=2}}
=================
WS JSON:{eventType=GAME_START, roomId=849043fe, timestamp=1784369646682, data={round=1}}
=================
WS EVENT:{eventType=GAME_START, roomId=849043fe, timestamp=1784369646682, data={round=1}}
WS EVENT:{roomId=849043fe, status=RUNNING, round=1, state={roomId=849043fe, status=RUNNING, round=1, players=[{id=1, name=A, philosophyPoints=0, alive=true, hasAction=false}, {id=2, name=B, philosophyPoints=0, alive=true, hasAction=false}], playerCount=2}}
=================
WS JSON:{roomId=849043fe, status=RUNNING, round=1, state={roomId=849043fe, status=RUNNING, round=1, players=[{id=1, name=A, philosophyPoints=0, alive=true, hasAction=false}, {id=2, name=B, philosophyPoints=0, alive=true, hasAction=false}], playerCount=2}}
=================
WS EVENT:{roomId=849043fe, status=RUNNING, round=1, state={roomId=849043fe, status=RUNNING, round=1, players=[{id=1, name=A, philosophyPoints=0, alive=true, hasAction=false}, {id=2, name=B, philosophyPoints=0, alive=true, hasAction=false}], playerCount=2}}
=================
WS JSON:{eventType=GAME_START, roomId=849043fe, timestamp=1784369646682, data={round=1}}
=================
WS EVENT:{eventType=GAME_START, roomId=849043fe, timestamp=1784369646682, data={round=1}}
EVENT:GAME_START
EVENT:GAME_START
SUBMIT ROUND:1203638823 STARTED=true
WS SEND JSON={"roomId":"849043fe","status":"RUNNING","round":1,"state":{"roomId":"849043fe","status":"RUNNING","round":1,"players":[{"id":1,"name":"A","philosophyPoints":0,"alive":true,"hasAction":true},{"id":2,"name":"B","philosophyPoints":0,"alive":true,"hasAction":false}],"playerCount":2}}
CHECK PLAYER:1 ACTION=com.philosophy.model.Action@4e870112
CHECK PLAYER:2 ACTION=null
SUBMIT ROUND:1203638823 STARTED=true
WS SEND JSON={"roomId":"849043fe","status":"RUNNING","round":1,"state":{"roomId":"849043fe","status":"RUNNING","round":1,"players":[{"id":1,"name":"A","philosophyPoints":0,"alive":true,"hasAction":true},{"id":2,"name":"B","philosophyPoints":0,"alive":true,"hasAction":true}],"playerCount":2}}
CHECK PLAYER:1 ACTION=com.philosophy.model.Action@4e870112
CHECK PLAYER:2 ACTION=com.philosophy.model.Action@32f55204
========== FINISH ROUND ==========
=================
WS JSON:{roomId=849043fe, status=RUNNING, round=1, state={roomId=849043fe, status=RUNNING, round=1, players=[{id=1, name=A, philosophyPoints=0, alive=true, hasAction=true}, {id=2, name=B, philosophyPoints=0, alive=true, hasAction=false}], playerCount=2}}
=================
WS EVENT:{roomId=849043fe, status=RUNNING, round=1, state={roomId=849043fe, status=RUNNING, round=1, players=[{id=1, name=A, philosophyPoints=0, alive=true, hasAction=true}, {id=2, name=B, philosophyPoints=0, alive=true, hasAction=false}], playerCount=2}}
WS SEND JSON={"eventType":"ACTION_SUBMIT","roomId":"849043fe","timestamp":1784369647712,"data":{"playerId":1,"action":"PHILOSOPHY"}}
=================
WS JSON:{roomId=849043fe, status=RUNNING, round=1, state={roomId=849043fe, status=RUNNING, round=1, players=[{id=1, name=A, philosophyPoints=0, alive=true, hasAction=true}, {id=2, name=B, philosophyPoints=0, alive=true, hasAction=true}], playerCount=2}}
=================
WS EVENT:{roomId=849043fe, status=RUNNING, round=1, state={roomId=849043fe, status=RUNNING, round=1, players=[{id=1, name=A, philosophyPoints=0, alive=true, hasAction=true}, {id=2, name=B, philosophyPoints=0, alive=true, hasAction=true}], playerCount=2}}
=================
WS JSON:{roomId=849043fe, status=RUNNING, round=1, state={roomId=849043fe, status=RUNNING, round=1, players=[{id=1, name=A, philosophyPoints=0, alive=true, hasAction=true}, {id=2, name=B, philosophyPoints=0, alive=true, hasAction=false}], playerCount=2}}
=================
WS EVENT:{roomId=849043fe, status=RUNNING, round=1, state={roomId=849043fe, status=RUNNING, round=1, players=[{id=1, name=A, philosophyPoints=0, alive=true, hasAction=true}, {id=2, name=B, philosophyPoints=0, alive=true, hasAction=false}], playerCount=2}}
=================
WS JSON:{eventType=ACTION_SUBMIT, roomId=849043fe, timestamp=1784369647712, data={playerId=1, action=PHILOSOPHY}}
=================
WS EVENT:{eventType=ACTION_SUBMIT, roomId=849043fe, timestamp=1784369647712, data={playerId=1, action=PHILOSOPHY}}
=================
WS JSON:{roomId=849043fe, status=RUNNING, round=1, state={roomId=849043fe, status=RUNNING, round=1, players=[{id=1, name=A, philosophyPoints=0, alive=true, hasAction=true}, {id=2, name=B, philosophyPoints=0, alive=true, hasAction=true}], playerCount=2}}
ROUND RESULT=com.philosophy.engine.RoundResult@2ce8c848
LOGS=[A 哲学 +1, B 哲学 +1]
SEND ROUND RESULT
WS SEND JSON={"eventType":"ROUND_RESULT","roomId":"849043fe","timestamp":1784369647717,"data":{"message":"ROUND_FINISHED","round":2}}
=================
WS EVENT:{roomId=849043fe, status=RUNNING, round=1, state={roomId=849043fe, status=RUNNING, round=1, players=[{id=1, name=A, philosophyPoints=0, alive=true, hasAction=true}, {id=2, name=B, philosophyPoints=0, alive=true, hasAction=true}], playerCount=2}}
EVENT:ACTION_SUBMIT
=================
WS JSON:{eventType=ACTION_SUBMIT, roomId=849043fe, timestamp=1784369647712, data={playerId=1, action=PHILOSOPHY}}
=================
WS EVENT:{eventType=ACTION_SUBMIT, roomId=849043fe, timestamp=1784369647712, data={playerId=1, action=PHILOSOPHY}}
EVENT:ACTION_SUBMIT
WS SEND JSON={"roomId":"849043fe","status":"RUNNING","round":2,"state":{"roomId":"849043fe","status":"RUNNING","round":2,"players":[{"id":1,"name":"A","philosophyPoints":1,"alive":true,"hasAction":false},{"id":2,"name":"B","philosophyPoints":1,"alive":true,"hasAction":false}],"playerCount":2}}
WS SEND JSON={"eventType":"ACTION_SUBMIT","roomId":"849043fe","timestamp":1784369647721,"data":{"playerId":2,"action":"PHILOSOPHY"}}
=================
=================
WS JSON:{eventType=ROUND_RESULT, roomId=849043fe, timestamp=1784369647717, data={message=ROUND_FINISHED, round=2}}
WS JSON:{eventType=ROUND_RESULT, roomId=849043fe, timestamp=1784369647717, data={message=ROUND_FINISHED, round=2}}
=================
=================
WS EVENT:{eventType=ROUND_RESULT, roomId=849043fe, timestamp=1784369647717, data={message=ROUND_FINISHED, round=2}}
WS EVENT:{eventType=ROUND_RESULT, roomId=849043fe, timestamp=1784369647717, data={message=ROUND_FINISHED, round=2}}
EVENT:ROUND_RESULT
=================
WS JSON:{roomId=849043fe, status=RUNNING, round=2, state={roomId=849043fe, status=RUNNING, round=2, players=[{id=1, name=A, philosophyPoints=1, alive=true, hasAction=false}, {id=2, name=B, philosophyPoints=1, alive=true, hasAction=false}], playerCount=2}}
=================
WS EVENT:{roomId=849043fe, status=RUNNING, round=2, state={roomId=849043fe, status=RUNNING, round=2, players=[{id=1, name=A, philosophyPoints=1, alive=true, hasAction=false}, {id=2, name=B, philosophyPoints=1, alive=true, hasAction=false}], playerCount=2}}
=================
WS JSON:{roomId=849043fe, status=RUNNING, round=2, state={roomId=849043fe, status=RUNNING, round=2, players=[{id=1, name=A, philosophyPoints=1, alive=true, hasAction=false}, {id=2, name=B, philosophyPoints=1, alive=true, hasAction=false}], playerCount=2}}
=================
WS EVENT:{roomId=849043fe, status=RUNNING, round=2, state={roomId=849043fe, status=RUNNING, round=2, players=[{id=1, name=A, philosophyPoints=1, alive=true, hasAction=false}, {id=2, name=B, philosophyPoints=1, alive=true, hasAction=false}], playerCount=2}}
=================
WS JSON:{eventType=ACTION_SUBMIT, roomId=849043fe, timestamp=1784369647721, data={playerId=2, action=PHILOSOPHY}}
=================
WS EVENT:{eventType=ACTION_SUBMIT, roomId=849043fe, timestamp=1784369647721, data={playerId=2, action=PHILOSOPHY}}
=================
WS JSON:{eventType=ACTION_SUBMIT, roomId=849043fe, timestamp=1784369647721, data={playerId=2, action=PHILOSOPHY}}
=================
WS EVENT:{eventType=ACTION_SUBMIT, roomId=849043fe, timestamp=1784369647721, data={playerId=2, action=PHILOSOPHY}}
]]></system-out>
    <system-err><![CDATA[Mockito is currently self-attaching to enable the inline-mock-maker. This will no longer work in future releases of the JDK. Please add Mockito as an agent to your build as described in Mockito's documentation: https://javadoc.io/doc/org.mockito/mockito-core/latest/org.mockito/org/mockito/Mockito.html#0.3
WARNING: A Java agent has been loaded dynamically (/home/codespace/.m2/repository/net/bytebuddy/byte-buddy-agent/1.17.5/byte-buddy-agent-1.17.5.jar)
WARNING: If a serviceability tool is in use, please run with -XX:+EnableDynamicAgentLoading to hide this warning
WARNING: If a serviceability tool is not in use, please run with -Djdk.instrument.traceUsage for more information
WARNING: Dynamic loading of agents will be disallowed by default in a future release
java.lang.NullPointerException: Cannot invoke "Object.toString()" because the return value of "java.util.Map.get(Object)" is null
	at com.philosophy.FullBattleRoundFlowTest$2.handleFrame(FullBattleRoundFlowTest.java:514)
	at org.springframework.messaging.simp.stomp.DefaultStompSession.invokeHandler(DefaultStompSession.java:482)
	at org.springframework.messaging.simp.stomp.DefaultStompSession.handleMessage(DefaultStompSession.java:429)
	at org.springframework.web.socket.messaging.WebSocketStompClient$WebSocketTcpConnectionHandlerAdapter.handleMessage(WebSocketStompClient.java:457)
	at org.springframework.web.socket.handler.WebSocketHandlerDecorator.handleMessage(WebSocketHandlerDecorator.java:75)
	at org.springframework.web.socket.handler.LoggingWebSocketHandlerDecorator.handleMessage(LoggingWebSocketHandlerDecorator.java:56)
	at org.springframework.web.socket.adapter.standard.StandardWebSocketHandlerAdapter.handleTextMessage(StandardWebSocketHandlerAdapter.java:113)
	at org.springframework.web.socket.adapter.standard.StandardWebSocketHandlerAdapter$3.onMessage(StandardWebSocketHandlerAdapter.java:84)
	at org.springframework.web.socket.adapter.standard.StandardWebSocketHandlerAdapter$3.onMessage(StandardWebSocketHandlerAdapter.java:81)
	at org.apache.tomcat.websocket.WsFrameBase.sendMessageText(WsFrameBase.java:389)
	at org.apache.tomcat.websocket.WsFrameBase.processDataText(WsFrameBase.java:483)
	at org.apache.tomcat.websocket.WsFrameBase.processData(WsFrameBase.java:283)
	at org.apache.tomcat.websocket.WsFrameBase.processInputBuffer(WsFrameBase.java:129)
	at org.apache.tomcat.websocket.WsFrameClient.processSocketRead(WsFrameClient.java:95)
	at org.apache.tomcat.websocket.WsFrameClient.resumeProcessing(WsFrameClient.java:208)
	at org.apache.tomcat.websocket.WsFrameClient$WsFrameClientCompletionHandler.doResumeProcessing(WsFrameClient.java:186)
	at org.apache.tomcat.websocket.WsFrameClient$WsFrameClientCompletionHandler.completed(WsFrameClient.java:161)
	at org.apache.tomcat.websocket.WsFrameClient$WsFrameClientCompletionHandler.completed(WsFrameClient.java:146)
	at java.base/sun.nio.ch.Invoker.invokeUnchecked(Invoker.java:121)
	at java.base/sun.nio.ch.Invoker$1.run(Invoker.java:201)
	at java.base/sun.nio.ch.AsynchronousChannelGroupImpl$1.run(AsynchronousChannelGroupImpl.java:108)
	at org.apache.tomcat.util.threads.ThreadPoolExecutor.runWorker(ThreadPoolExecutor.java:1189)
	at org.apache.tomcat.util.threads.ThreadPoolExecutor$Worker.run(ThreadPoolExecutor.java:658)
	at java.base/java.lang.Thread.run(Thread.java:1474)
java.lang.NullPointerException: Cannot invoke "Object.toString()" because the return value of "java.util.Map.get(Object)" is null
	at com.philosophy.FullBattleRoundFlowTest$2.handleFrame(FullBattleRoundFlowTest.java:514)
	at org.springframework.messaging.simp.stomp.DefaultStompSession.invokeHandler(DefaultStompSession.java:482)
	at org.springframework.messaging.simp.stomp.DefaultStompSession.handleMessage(DefaultStompSession.java:429)
	at org.springframework.web.socket.messaging.WebSocketStompClient$WebSocketTcpConnectionHandlerAdapter.handleMessage(WebSocketStompClient.java:457)
	at org.springframework.web.socket.handler.WebSocketHandlerDecorator.handleMessage(WebSocketHandlerDecorator.java:75)
	at org.springframework.web.socket.handler.LoggingWebSocketHandlerDecorator.handleMessage(LoggingWebSocketHandlerDecorator.java:56)
	at org.springframework.web.socket.adapter.standard.StandardWebSocketHandlerAdapter.handleTextMessage(StandardWebSocketHandlerAdapter.java:113)
	at org.springframework.web.socket.adapter.standard.StandardWebSocketHandlerAdapter$3.onMessage(StandardWebSocketHandlerAdapter.java:84)
	at org.springframework.web.socket.adapter.standard.StandardWebSocketHandlerAdapter$3.onMessage(StandardWebSocketHandlerAdapter.java:81)
	at org.apache.tomcat.websocket.WsFrameBase.sendMessageText(WsFrameBase.java:389)
	at org.apache.tomcat.websocket.WsFrameBase.processDataText(WsFrameBase.java:483)
	at org.apache.tomcat.websocket.WsFrameBase.processData(WsFrameBase.java:283)
	at org.apache.tomcat.websocket.WsFrameBase.processInputBuffer(WsFrameBase.java:129)
	at org.apache.tomcat.websocket.WsFrameClient.processSocketRead(WsFrameClient.java:95)
	at org.apache.tomcat.websocket.WsFrameClient.resumeProcessing(WsFrameClient.java:208)
	at org.apache.tomcat.websocket.WsFrameClient$WsFrameClientCompletionHandler.doResumeProcessing(WsFrameClient.java:186)
	at org.apache.tomcat.websocket.WsFrameClient$WsFrameClientCompletionHandler.completed(WsFrameClient.java:161)
	at org.apache.tomcat.websocket.WsFrameClient$WsFrameClientCompletionHandler.completed(WsFrameClient.java:146)
	at java.base/sun.nio.ch.Invoker.invokeUnchecked(Invoker.java:121)
	at java.base/sun.nio.ch.Invoker.invokeDirect(Invoker.java:140)
	at java.base/sun.nio.ch.UnixAsynchronousSocketChannelImpl.implRead(UnixAsynchronousSocketChannelImpl.java:567)
	at java.base/sun.nio.ch.AsynchronousSocketChannelImpl.read(AsynchronousSocketChannelImpl.java:277)
	at java.base/sun.nio.ch.AsynchronousSocketChannelImpl.read(AsynchronousSocketChannelImpl.java:298)
	at java.base/java.nio.channels.AsynchronousSocketChannel.read(AsynchronousSocketChannel.java:409)
	at org.apache.tomcat.websocket.AsyncChannelWrapperNonSecure.read(AsyncChannelWrapperNonSecure.java:50)
	at org.apache.tomcat.websocket.WsFrameClient.processSocketRead(WsFrameClient.java:101)
	at org.apache.tomcat.websocket.WsFrameClient.resumeProcessing(WsFrameClient.java:208)
	at org.apache.tomcat.websocket.WsFrameClient$WsFrameClientCompletionHandler.doResumeProcessing(WsFrameClient.java:186)
	at org.apache.tomcat.websocket.WsFrameClient$WsFrameClientCompletionHandler.completed(WsFrameClient.java:161)
	at org.apache.tomcat.websocket.WsFrameClient$WsFrameClientCompletionHandler.completed(WsFrameClient.java:146)
	at java.base/sun.nio.ch.Invoker.invokeUnchecked(Invoker.java:121)
	at java.base/sun.nio.ch.UnixAsynchronousSocketChannelImpl.finishRead(UnixAsynchronousSocketChannelImpl.java:441)
	at java.base/sun.nio.ch.UnixAsynchronousSocketChannelImpl.finish(UnixAsynchronousSocketChannelImpl.java:195)
	at java.base/sun.nio.ch.UnixAsynchronousSocketChannelImpl.onEvent(UnixAsynchronousSocketChannelImpl.java:217)
	at java.base/sun.nio.ch.EPollPort$EventHandlerTask.run(EPollPort.java:305)
	at java.base/sun.nio.ch.AsynchronousChannelGroupImpl$1.run(AsynchronousChannelGroupImpl.java:108)
	at org.apache.tomcat.util.threads.ThreadPoolExecutor.runWorker(ThreadPoolExecutor.java:1189)
	at org.apache.tomcat.util.threads.ThreadPoolExecutor$Worker.run(ThreadPoolExecutor.java:658)
	at java.base/java.lang.Thread.run(Thread.java:1474)
java.lang.NullPointerException: Cannot invoke "Object.toString()" because the return value of "java.util.Map.get(Object)" is null
	at com.philosophy.FullBattleRoundFlowTest$2.handleFrame(FullBattleRoundFlowTest.java:514)
	at org.springframework.messaging.simp.stomp.DefaultStompSession.invokeHandler(DefaultStompSession.java:482)
	at org.springframework.messaging.simp.stomp.DefaultStompSession.handleMessage(DefaultStompSession.java:429)
	at org.springframework.web.socket.messaging.WebSocketStompClient$WebSocketTcpConnectionHandlerAdapter.handleMessage(WebSocketStompClient.java:457)
	at org.springframework.web.socket.handler.WebSocketHandlerDecorator.handleMessage(WebSocketHandlerDecorator.java:75)
	at org.springframework.web.socket.handler.LoggingWebSocketHandlerDecorator.handleMessage(LoggingWebSocketHandlerDecorator.java:56)
	at org.springframework.web.socket.adapter.standard.StandardWebSocketHandlerAdapter.handleTextMessage(StandardWebSocketHandlerAdapter.java:113)
	at org.springframework.web.socket.adapter.standard.StandardWebSocketHandlerAdapter$3.onMessage(StandardWebSocketHandlerAdapter.java:84)
	at org.springframework.web.socket.adapter.standard.StandardWebSocketHandlerAdapter$3.onMessage(StandardWebSocketHandlerAdapter.java:81)
	at org.apache.tomcat.websocket.WsFrameBase.sendMessageText(WsFrameBase.java:389)
	at org.apache.tomcat.websocket.WsFrameBase.processDataText(WsFrameBase.java:483)
	at org.apache.tomcat.websocket.WsFrameBase.processData(WsFrameBase.java:283)
	at org.apache.tomcat.websocket.WsFrameBase.processInputBuffer(WsFrameBase.java:129)
	at org.apache.tomcat.websocket.WsFrameClient.processSocketRead(WsFrameClient.java:95)
	at org.apache.tomcat.websocket.WsFrameClient.resumeProcessing(WsFrameClient.java:208)
	at org.apache.tomcat.websocket.WsFrameClient$WsFrameClientCompletionHandler.doResumeProcessing(WsFrameClient.java:186)
	at org.apache.tomcat.websocket.WsFrameClient$WsFrameClientCompletionHandler.completed(WsFrameClient.java:161)
	at org.apache.tomcat.websocket.WsFrameClient$WsFrameClientCompletionHandler.completed(WsFrameClient.java:146)
	at java.base/sun.nio.ch.Invoker.invokeUnchecked(Invoker.java:121)
	at java.base/sun.nio.ch.UnixAsynchronousSocketChannelImpl.finishRead(UnixAsynchronousSocketChannelImpl.java:441)
	at java.base/sun.nio.ch.UnixAsynchronousSocketChannelImpl.finish(UnixAsynchronousSocketChannelImpl.java:195)
	at java.base/sun.nio.ch.UnixAsynchronousSocketChannelImpl.onEvent(UnixAsynchronousSocketChannelImpl.java:217)
	at java.base/sun.nio.ch.EPollPort$EventHandlerTask.run(EPollPort.java:305)
	at java.base/sun.nio.ch.AsynchronousChannelGroupImpl$1.run(AsynchronousChannelGroupImpl.java:108)
	at org.apache.tomcat.util.threads.ThreadPoolExecutor.runWorker(ThreadPoolExecutor.java:1189)
	at org.apache.tomcat.util.threads.ThreadPoolExecutor$Worker.run(ThreadPoolExecutor.java:658)
	at java.base/java.lang.Thread.run(Thread.java:1474)
java.lang.NullPointerException: Cannot invoke "Object.toString()" because the return value of "java.util.Map.get(Object)" is null
	at com.philosophy.FullBattleRoundFlowTest$2.handleFrame(FullBattleRoundFlowTest.java:514)
	at org.springframework.messaging.simp.stomp.DefaultStompSession.invokeHandler(DefaultStompSession.java:482)
	at org.springframework.messaging.simp.stomp.DefaultStompSession.handleMessage(DefaultStompSession.java:429)
	at org.springframework.web.socket.messaging.WebSocketStompClient$WebSocketTcpConnectionHandlerAdapter.handleMessage(WebSocketStompClient.java:457)
	at org.springframework.web.socket.handler.WebSocketHandlerDecorator.handleMessage(WebSocketHandlerDecorator.java:75)
	at org.springframework.web.socket.handler.LoggingWebSocketHandlerDecorator.handleMessage(LoggingWebSocketHandlerDecorator.java:56)
	at org.springframework.web.socket.adapter.standard.StandardWebSocketHandlerAdapter.handleTextMessage(StandardWebSocketHandlerAdapter.java:113)
	at org.springframework.web.socket.adapter.standard.StandardWebSocketHandlerAdapter$3.onMessage(StandardWebSocketHandlerAdapter.java:84)
	at org.springframework.web.socket.adapter.standard.StandardWebSocketHandlerAdapter$3.onMessage(StandardWebSocketHandlerAdapter.java:81)
	at org.apache.tomcat.websocket.WsFrameBase.sendMessageText(WsFrameBase.java:389)
	at org.apache.tomcat.websocket.WsFrameBase.processDataText(WsFrameBase.java:483)
	at org.apache.tomcat.websocket.WsFrameBase.processData(WsFrameBase.java:283)
	at org.apache.tomcat.websocket.WsFrameBase.processInputBuffer(WsFrameBase.java:129)
	at org.apache.tomcat.websocket.WsFrameClient.processSocketRead(WsFrameClient.java:95)
	at org.apache.tomcat.websocket.WsFrameClient.resumeProcessing(WsFrameClient.java:208)
	at org.apache.tomcat.websocket.WsFrameClient$WsFrameClientCompletionHandler.doResumeProcessing(WsFrameClient.java:186)
	at org.apache.tomcat.websocket.WsFrameClient$WsFrameClientCompletionHandler.completed(WsFrameClient.java:161)
	at org.apache.tomcat.websocket.WsFrameClient$WsFrameClientCompletionHandler.completed(WsFrameClient.java:146)
	at java.base/sun.nio.ch.Invoker.invokeUnchecked(Invoker.java:121)
	at java.base/sun.nio.ch.UnixAsynchronousSocketChannelImpl.finishRead(UnixAsynchronousSocketChannelImpl.java:441)
	at java.base/sun.nio.ch.UnixAsynchronousSocketChannelImpl.finish(UnixAsynchronousSocketChannelImpl.java:195)
	at java.base/sun.nio.ch.UnixAsynchronousSocketChannelImpl.onEvent(UnixAsynchronousSocketChannelImpl.java:217)
	at java.base/sun.nio.ch.EPollPort$EventHandlerTask.run(EPollPort.java:305)
	at java.base/sun.nio.ch.AsynchronousChannelGroupImpl$1.run(AsynchronousChannelGroupImpl.java:108)
	at org.apache.tomcat.util.threads.ThreadPoolExecutor.runWorker(ThreadPoolExecutor.java:1189)
	at org.apache.tomcat.util.threads.ThreadPoolExecutor$Worker.run(ThreadPoolExecutor.java:658)
	at java.base/java.lang.Thread.run(Thread.java:1474)
java.lang.NullPointerException: Cannot invoke "Object.toString()" because the return value of "java.util.Map.get(Object)" is null
	at com.philosophy.FullBattleRoundFlowTest$2.handleFrame(FullBattleRoundFlowTest.java:514)
	at org.springframework.messaging.simp.stomp.DefaultStompSession.invokeHandler(DefaultStompSession.java:482)
	at org.springframework.messaging.simp.stomp.DefaultStompSession.handleMessage(DefaultStompSession.java:429)
	at org.springframework.web.socket.messaging.WebSocketStompClient$WebSocketTcpConnectionHandlerAdapter.handleMessage(WebSocketStompClient.java:457)
	at org.springframework.web.socket.handler.WebSocketHandlerDecorator.handleMessage(WebSocketHandlerDecorator.java:75)
	at org.springframework.web.socket.handler.LoggingWebSocketHandlerDecorator.handleMessage(LoggingWebSocketHandlerDecorator.java:56)
	at org.springframework.web.socket.adapter.standard.StandardWebSocketHandlerAdapter.handleTextMessage(StandardWebSocketHandlerAdapter.java:113)
	at org.springframework.web.socket.adapter.standard.StandardWebSocketHandlerAdapter$3.onMessage(StandardWebSocketHandlerAdapter.java:84)
	at org.springframework.web.socket.adapter.standard.StandardWebSocketHandlerAdapter$3.onMessage(StandardWebSocketHandlerAdapter.java:81)
	at org.apache.tomcat.websocket.WsFrameBase.sendMessageText(WsFrameBase.java:389)
	at org.apache.tomcat.websocket.WsFrameBase.processDataText(WsFrameBase.java:483)
	at org.apache.tomcat.websocket.WsFrameBase.processData(WsFrameBase.java:283)
	at org.apache.tomcat.websocket.WsFrameBase.processInputBuffer(WsFrameBase.java:129)
	at org.apache.tomcat.websocket.WsFrameClient.processSocketRead(WsFrameClient.java:95)
	at org.apache.tomcat.websocket.WsFrameClient.resumeProcessing(WsFrameClient.java:208)
	at org.apache.tomcat.websocket.WsFrameClient$WsFrameClientCompletionHandler.doResumeProcessing(WsFrameClient.java:186)
	at org.apache.tomcat.websocket.WsFrameClient$WsFrameClientCompletionHandler.completed(WsFrameClient.java:161)
	at org.apache.tomcat.websocket.WsFrameClient$WsFrameClientCompletionHandler.completed(WsFrameClient.java:146)
	at java.base/sun.nio.ch.Invoker.invokeUnchecked(Invoker.java:121)
	at java.base/sun.nio.ch.Invoker$1.run(Invoker.java:201)
	at java.base/sun.nio.ch.AsynchronousChannelGroupImpl$1.run(AsynchronousChannelGroupImpl.java:108)
	at org.apache.tomcat.util.threads.ThreadPoolExecutor.runWorker(ThreadPoolExecutor.java:1189)
	at org.apache.tomcat.util.threads.ThreadPoolExecutor$Worker.run(ThreadPoolExecutor.java:658)
	at java.base/java.lang.Thread.run(Thread.java:1474)
java.lang.NullPointerException: Cannot invoke "Object.toString()" because the return value of "java.util.Map.get(Object)" is null
	at com.philosophy.FullBattleRoundFlowTest$2.handleFrame(FullBattleRoundFlowTest.java:514)
	at org.springframework.messaging.simp.stomp.DefaultStompSession.invokeHandler(DefaultStompSession.java:482)
	at org.springframework.messaging.simp.stomp.DefaultStompSession.handleMessage(DefaultStompSession.java:429)
	at org.springframework.web.socket.messaging.WebSocketStompClient$WebSocketTcpConnectionHandlerAdapter.handleMessage(WebSocketStompClient.java:457)
	at org.springframework.web.socket.handler.WebSocketHandlerDecorator.handleMessage(WebSocketHandlerDecorator.java:75)
	at org.springframework.web.socket.handler.LoggingWebSocketHandlerDecorator.handleMessage(LoggingWebSocketHandlerDecorator.java:56)
	at org.springframework.web.socket.adapter.standard.StandardWebSocketHandlerAdapter.handleTextMessage(StandardWebSocketHandlerAdapter.java:113)
	at org.springframework.web.socket.adapter.standard.StandardWebSocketHandlerAdapter$3.onMessage(StandardWebSocketHandlerAdapter.java:84)
	at org.springframework.web.socket.adapter.standard.StandardWebSocketHandlerAdapter$3.onMessage(StandardWebSocketHandlerAdapter.java:81)
	at org.apache.tomcat.websocket.WsFrameBase.sendMessageText(WsFrameBase.java:389)
	at org.apache.tomcat.websocket.WsFrameBase.processDataText(WsFrameBase.java:483)
	at org.apache.tomcat.websocket.WsFrameBase.processData(WsFrameBase.java:283)
	at org.apache.tomcat.websocket.WsFrameBase.processInputBuffer(WsFrameBase.java:129)
	at org.apache.tomcat.websocket.WsFrameClient.processSocketRead(WsFrameClient.java:95)
	at org.apache.tomcat.websocket.WsFrameClient.resumeProcessing(WsFrameClient.java:208)
	at org.apache.tomcat.websocket.WsFrameClient$WsFrameClientCompletionHandler.doResumeProcessing(WsFrameClient.java:186)
	at org.apache.tomcat.websocket.WsFrameClient$WsFrameClientCompletionHandler.completed(WsFrameClient.java:161)
	at org.apache.tomcat.websocket.WsFrameClient$WsFrameClientCompletionHandler.completed(WsFrameClient.java:146)
	at java.base/sun.nio.ch.Invoker.invokeUnchecked(Invoker.java:121)
	at java.base/sun.nio.ch.Invoker$1.run(Invoker.java:201)
	at java.base/sun.nio.ch.AsynchronousChannelGroupImpl$1.run(AsynchronousChannelGroupImpl.java:108)
	at org.apache.tomcat.util.threads.ThreadPoolExecutor.runWorker(ThreadPoolExecutor.java:1189)
	at org.apache.tomcat.util.threads.ThreadPoolExecutor$Worker.run(ThreadPoolExecutor.java:658)
	at java.base/java.lang.Thread.run(Thread.java:1474)
java.lang.NullPointerException: Cannot invoke "Object.toString()" because the return value of "java.util.Map.get(Object)" is null
	at com.philosophy.FullBattleRoundFlowTest$2.handleFrame(FullBattleRoundFlowTest.java:514)
	at org.springframework.messaging.simp.stomp.DefaultStompSession.invokeHandler(DefaultStompSession.java:482)
	at org.springframework.messaging.simp.stomp.DefaultStompSession.handleMessage(DefaultStompSession.java:429)
	at org.springframework.web.socket.messaging.WebSocketStompClient$WebSocketTcpConnectionHandlerAdapter.handleMessage(WebSocketStompClient.java:457)
	at org.springframework.web.socket.handler.WebSocketHandlerDecorator.handleMessage(WebSocketHandlerDecorator.java:75)
	at org.springframework.web.socket.handler.LoggingWebSocketHandlerDecorator.handleMessage(LoggingWebSocketHandlerDecorator.java:56)
	at org.springframework.web.socket.adapter.standard.StandardWebSocketHandlerAdapter.handleTextMessage(StandardWebSocketHandlerAdapter.java:113)
	at org.springframework.web.socket.adapter.standard.StandardWebSocketHandlerAdapter$3.onMessage(StandardWebSocketHandlerAdapter.java:84)
	at org.springframework.web.socket.adapter.standard.StandardWebSocketHandlerAdapter$3.onMessage(StandardWebSocketHandlerAdapter.java:81)
	at org.apache.tomcat.websocket.WsFrameBase.sendMessageText(WsFrameBase.java:389)
	at org.apache.tomcat.websocket.WsFrameBase.processDataText(WsFrameBase.java:483)
	at org.apache.tomcat.websocket.WsFrameBase.processData(WsFrameBase.java:283)
	at org.apache.tomcat.websocket.WsFrameBase.processInputBuffer(WsFrameBase.java:129)
	at org.apache.tomcat.websocket.WsFrameClient.processSocketRead(WsFrameClient.java:95)
	at org.apache.tomcat.websocket.WsFrameClient.resumeProcessing(WsFrameClient.java:208)
	at org.apache.tomcat.websocket.WsFrameClient$WsFrameClientCompletionHandler.doResumeProcessing(WsFrameClient.java:186)
	at org.apache.tomcat.websocket.WsFrameClient$WsFrameClientCompletionHandler.completed(WsFrameClient.java:161)
	at org.apache.tomcat.websocket.WsFrameClient$WsFrameClientCompletionHandler.completed(WsFrameClient.java:146)
	at java.base/sun.nio.ch.Invoker.invokeUnchecked(Invoker.java:121)
	at java.base/sun.nio.ch.Invoker.invokeDirect(Invoker.java:140)
	at java.base/sun.nio.ch.UnixAsynchronousSocketChannelImpl.implRead(UnixAsynchronousSocketChannelImpl.java:567)
	at java.base/sun.nio.ch.AsynchronousSocketChannelImpl.read(AsynchronousSocketChannelImpl.java:277)
	at java.base/sun.nio.ch.AsynchronousSocketChannelImpl.read(AsynchronousSocketChannelImpl.java:298)
	at java.base/java.nio.channels.AsynchronousSocketChannel.read(AsynchronousSocketChannel.java:409)
	at org.apache.tomcat.websocket.AsyncChannelWrapperNonSecure.read(AsyncChannelWrapperNonSecure.java:50)
	at org.apache.tomcat.websocket.WsFrameClient.processSocketRead(WsFrameClient.java:101)
	at org.apache.tomcat.websocket.WsFrameClient.resumeProcessing(WsFrameClient.java:208)
	at org.apache.tomcat.websocket.WsFrameClient$WsFrameClientCompletionHandler.doResumeProcessing(WsFrameClient.java:186)
	at org.apache.tomcat.websocket.WsFrameClient$WsFrameClientCompletionHandler.completed(WsFrameClient.java:161)
	at org.apache.tomcat.websocket.WsFrameClient$WsFrameClientCompletionHandler.completed(WsFrameClient.java:146)
	at java.base/sun.nio.ch.Invoker.invokeUnchecked(Invoker.java:121)
	at java.base/sun.nio.ch.Invoker$1.run(Invoker.java:201)
	at java.base/sun.nio.ch.AsynchronousChannelGroupImpl$1.run(AsynchronousChannelGroupImpl.java:108)
	at org.apache.tomcat.util.threads.ThreadPoolExecutor.runWorker(ThreadPoolExecutor.java:1189)
	at org.apache.tomcat.util.threads.ThreadPoolExecutor$Worker.run(ThreadPoolExecutor.java:658)
	at java.base/java.lang.Thread.run(Thread.java:1474)
java.lang.NullPointerException: Cannot invoke "Object.toString()" because the return value of "java.util.Map.get(Object)" is null
	at com.philosophy.FullBattleRoundFlowTest$2.handleFrame(FullBattleRoundFlowTest.java:514)
	at org.springframework.messaging.simp.stomp.DefaultStompSession.invokeHandler(DefaultStompSession.java:482)
	at org.springframework.messaging.simp.stomp.DefaultStompSession.handleMessage(DefaultStompSession.java:429)
	at org.springframework.web.socket.messaging.WebSocketStompClient$WebSocketTcpConnectionHandlerAdapter.handleMessage(WebSocketStompClient.java:457)
	at org.springframework.web.socket.handler.WebSocketHandlerDecorator.handleMessage(WebSocketHandlerDecorator.java:75)
	at org.springframework.web.socket.handler.LoggingWebSocketHandlerDecorator.handleMessage(LoggingWebSocketHandlerDecorator.java:56)
	at org.springframework.web.socket.adapter.standard.StandardWebSocketHandlerAdapter.handleTextMessage(StandardWebSocketHandlerAdapter.java:113)
	at org.springframework.web.socket.adapter.standard.StandardWebSocketHandlerAdapter$3.onMessage(StandardWebSocketHandlerAdapter.java:84)
	at org.springframework.web.socket.adapter.standard.StandardWebSocketHandlerAdapter$3.onMessage(StandardWebSocketHandlerAdapter.java:81)
	at org.apache.tomcat.websocket.WsFrameBase.sendMessageText(WsFrameBase.java:389)
	at org.apache.tomcat.websocket.WsFrameBase.processDataText(WsFrameBase.java:483)
	at org.apache.tomcat.websocket.WsFrameBase.processData(WsFrameBase.java:283)
	at org.apache.tomcat.websocket.WsFrameBase.processInputBuffer(WsFrameBase.java:129)
	at org.apache.tomcat.websocket.WsFrameClient.processSocketRead(WsFrameClient.java:95)
	at org.apache.tomcat.websocket.WsFrameClient.resumeProcessing(WsFrameClient.java:208)
	at org.apache.tomcat.websocket.WsFrameClient$WsFrameClientCompletionHandler.doResumeProcessing(WsFrameClient.java:186)
	at org.apache.tomcat.websocket.WsFrameClient$WsFrameClientCompletionHandler.completed(WsFrameClient.java:161)
	at org.apache.tomcat.websocket.WsFrameClient$WsFrameClientCompletionHandler.completed(WsFrameClient.java:146)
	at java.base/sun.nio.ch.Invoker.invokeUnchecked(Invoker.java:121)
	at java.base/sun.nio.ch.Invoker.invokeDirect(Invoker.java:140)
	at java.base/sun.nio.ch.UnixAsynchronousSocketChannelImpl.implRead(UnixAsynchronousSocketChannelImpl.java:567)
	at java.base/sun.nio.ch.AsynchronousSocketChannelImpl.read(AsynchronousSocketChannelImpl.java:277)
	at java.base/sun.nio.ch.AsynchronousSocketChannelImpl.read(AsynchronousSocketChannelImpl.java:298)
	at java.base/java.nio.channels.AsynchronousSocketChannel.read(AsynchronousSocketChannel.java:409)
	at org.apache.tomcat.websocket.AsyncChannelWrapperNonSecure.read(AsyncChannelWrapperNonSecure.java:50)
	at org.apache.tomcat.websocket.WsFrameClient.processSocketRead(WsFrameClient.java:101)
	at org.apache.tomcat.websocket.WsFrameClient.resumeProcessing(WsFrameClient.java:208)
	at org.apache.tomcat.websocket.WsFrameClient$WsFrameClientCompletionHandler.doResumeProcessing(WsFrameClient.java:186)
	at org.apache.tomcat.websocket.WsFrameClient$WsFrameClientCompletionHandler.completed(WsFrameClient.java:161)
	at org.apache.tomcat.websocket.WsFrameClient$WsFrameClientCompletionHandler.completed(WsFrameClient.java:146)
	at java.base/sun.nio.ch.Invoker.invokeUnchecked(Invoker.java:121)
	at java.base/sun.nio.ch.UnixAsynchronousSocketChannelImpl.finishRead(UnixAsynchronousSocketChannelImpl.java:441)
	at java.base/sun.nio.ch.UnixAsynchronousSocketChannelImpl.finish(UnixAsynchronousSocketChannelImpl.java:195)
	at java.base/sun.nio.ch.UnixAsynchronousSocketChannelImpl.onEvent(UnixAsynchronousSocketChannelImpl.java:217)
	at java.base/sun.nio.ch.EPollPort$EventHandlerTask.run(EPollPort.java:305)
	at java.base/sun.nio.ch.AsynchronousChannelGroupImpl$1.run(AsynchronousChannelGroupImpl.java:108)
	at org.apache.tomcat.util.threads.ThreadPoolExecutor.runWorker(ThreadPoolExecutor.java:1189)
	at org.apache.tomcat.util.threads.ThreadPoolExecutor$Worker.run(ThreadPoolExecutor.java:658)
	at java.base/java.lang.Thread.run(Thread.java:1474)
]]></system-err>
  </testcase>
</testsuite>